u>4017823 /usr/libexec/displaypolicyd: Version: V1.0 starting [0]
u>4018166 /usr/libexec/displaypolicyd: Started at Tue Dec 12 11:58:57 2017
u>14514075 WARNING: Cache is invalid: 1 (bit 0:header, 1-4:mtdd magic, 5:platform, 6:size, 7:checksum, 8-9:vendor version)
u>881150799 exit at user request
u>3605567 /usr/libexec/displaypolicyd: Version: V1.0 starting [0]
u>4340992 /usr/libexec/displaypolicyd: Started at Tue Dec 12 12:14:27 2017
u>392311093 exit at user request
u>3631337 /usr/libexec/displaypolicyd: Version: V1.0 starting [0]
u>3631782 /usr/libexec/displaypolicyd: Started at Tue Dec 26 09:39:22 2017
u>630428137 exit at user request
u>5278142 /usr/libexec/displaypolicyd: Version: V1.0 starting [0]
u>5278361 /usr/libexec/displaypolicyd: Started at Tue Dec 26 10:40:42 2017
u>4663061873 exit at user request
u>20068506 /usr/libexec/displaypolicyd: Version: V1.0 starting [0]
u>20744580 /usr/libexec/displaypolicyd: Started at Tue Dec 26 13:17:01 2017
u>17799670123 exit at user request
u>3766852 /usr/libexec/displaypolicyd: Version: V1.0 starting [0]
u>3767169 /usr/libexec/displaypolicyd: Started at Wed Dec 27 09:12:24 2017
u>21839977554 exit at user request
u>3490849 /usr/libexec/displaypolicyd: Version: V1.0 starting [0]
u>3491355 /usr/libexec/displaypolicyd: Started at Thu Dec 28 08:51:12 2017
u>66283677106 exit at user request
u>3517413 /usr/libexec/displaypolicyd: Version: V1.0 starting [0]
u>3517781 /usr/libexec/displaypolicyd: Started at Fri Dec 29 16:50:08 2017
u>6913323344 exit at user request
u>3505623 /usr/libexec/displaypolicyd: Version: V1.0 starting [0]
u>3506007 /usr/libexec/displaypolicyd: Started at Fri Dec 29 23:31:26 2017
u>649334217 exit at user request
u>3339299 /usr/libexec/displaypolicyd: Version: V1.0 starting [0]
u>3339533 /usr/libexec/displaypolicyd: Started at Sat Dec 30 17:00:09 2017
u>20070485963 ERROR: Port 4 result 0 bitRate 20:6 laneCount 2:0 status_0_1 0 status_2_3 0 error 0
u>53467776473 exit at user request
u>2839223 /usr/libexec/displaypolicyd: Version: V1.0 starting [0]
u>2839492 /usr/libexec/displaypolicyd: Started at Tue Jan  2 08:43:12 2018
